<?xml version='1.0' encoding='UTF-8'?>
<testsuite hostname="LAPTOP-E3DJ2N52" name="scalashop.ConvolutionSuite" tests="23" errors="0" failures="1" skipped="0" time="0.133" timestamp="2024-10-31T14:51:33">
          <properties>
      <property name="java.specification.version" value="16"/><property name="sun.cpu.isalist" value="amd64"/><property name="sun.jnu.encoding" value="Cp1252"/><property name="sun.arch.data.model" value="64"/><property name="java.vendor.url" value="https://adoptium.net/"/><property name="sun.boot.library.path" value="C:\Program Files\Eclipse Foundation\jdk-16.0.2.7-hotspot\bin"/><property name="sun.java.command" value="xsbt.boot.Boot"/><property name="jdk.debug" value="release"/><property name="sun.stderr.encoding" value="cp850"/><property name="java.specification.vendor" value="Oracle Corporation"/><property name="java.version.date" value="2021-07-20"/><property name="java.home" value="C:\Program Files\Eclipse Foundation\jdk-16.0.2.7-hotspot"/><property name="file.separator" value="\"/><property name="java.vm.compressedOopsMode" value="32-bit"/><property name="line.separator" value="
"/><property name="sun.stdout.encoding" value="cp850"/><property name="java.vm.specification.vendor" value="Oracle Corporation"/><property name="java.specification.name" value="Java Platform API Specification"/><property name="user.script" value=""/><property name="sun.management.compiler" value="HotSpot 64-Bit Tiered Compilers"/><property name="java.runtime.version" value="16.0.2+7"/><property name="user.name" value="wflaf"/><property name="log4j.ignoreTCL" value="true"/><property name="file.encoding" value="UTF-8"/><property name="jnidispatch.path" value="C:\Users\wflaf\AppData\Local\Temp\jna-113044578\jna13813700507165218118.dll"/><property name="java.vendor.version" value="Temurin-16.0.2+7"/><property name="jna.loaded" value="true"/><property name="java.io.tmpdir" value="C:\Users\wflaf\AppData\Local\Temp\"/><property name="java.version" value="16.0.2"/><property name="java.vm.specification.name" value="Java Virtual Machine Specification"/><property name="sun.os.patch.level" value=""/><property name="java.library.path" value="C:\Program Files\Eclipse Foundation\jdk-16.0.2.7-hotspot\bin;C:\WINDOWS\Sun\Java\bin;C:\WINDOWS\system32;C:\WINDOWS;C:\Users\wflaf\nouveau_dossier;C:\Users\wflaf\nouveau_dossier\Library\mingw-w64\bin;C:\Users\wflaf\nouveau_dossier\Library\usr\bin;C:\Users\wflaf\nouveau_dossier\Library\bin;C:\Users\wflaf\nouveau_dossier\Scripts;C:\Users\wflaf\nouveau_dossier\bin;C:\Program Files\Eclipse Foundation\jdk-16.0.2.7-hotspot\bin;C:\Program Files\Common Files\Oracle\Java\javapath;C:\Program Files (x86)\Common Files\Oracle\Java\javapath;C:\WINDOWS\system32;C:\WINDOWS;C:\WINDOWS\System32\Wbem;C:\WINDOWS\System32\WindowsPowerShell\v1.0;C:\WINDOWS\System32\OpenSSH;C:\Program Files (x86)\QuickTime\QTSystem;C:\Program Files\Git\cmd;C:\Program Files\nodejs;C:\Users\wflaf\Downloads\ffmpeg-master-latest-win64-gpl\ffmpeg-master-latest-win64-gpl\bin;C:\Users\wflaf\nouveau_dossier\condabin;C:\Program Files\GitHub CLI;C:\Users\wflaf\.cargo\bin;C:\Users\wflaf\AppData\Local\Microsoft\WindowsApps;C:\Users\wflaf\AppData\Local\Programs\Microsoft VS Code\bin;C:\Users\wflaf\AppData\Local\Android\Sdk\platform-tools;C:\Users\wflaf\AppData\Roaming\npm;C:\Users\wflaf\Downloads\ffmpeg-master-latest-win64-gpl\ffmpeg-master-latest-win64-gpl\bin;C:\Users\wflaf\AppData\Local\GitHubDesktop\bin;C:\Users\wflaf\AppData\Local\Coursier\data\bin;."/><property name="java.vendor" value="Eclipse Foundation"/><property name="scala.ext.dirs" value="C:\Users\wflaf\.sbt\1.0\java9-rt-ext-eclipse_foundation_16_0_2"/><property name="sun.io.unicode.encoding" value="UnicodeLittle"/><property name="java.class.path" value="C:\Users\wflaf\AppData\Local\Coursier\cache\arc\https\github.com\sbt\sbt\releases\download\v1.10.1\sbt-1.10.1.zip\sbt\bin\sbt-launch.jar"/><property name="java.vm.vendor" value="Eclipse Foundation"/><property name="user.variant" value=""/><property name="jline.shutdownhook" value="false"/><property name="user.timezone" value="Europe/Paris"/><property name="java.vm.specification.version" value="16"/><property name="os.name" value="Windows 10"/><property name="sun.java.launcher" value="SUN_STANDARD"/><property name="user.country" value="CH"/><property name="sun.cpu.endian" value="little"/><property name="user.home" value="C:\Users\wflaf"/><property name="user.language" value="fr"/><property name="sbt.ipcsocket.tmpdir" value="C:\Users\wflaf\AppData\Local\Temp\.sbtdb1e0d77\ipcsocket"/><property name="swoval.tmpdir" value="C:\Users\wflaf\AppData\Local\Temp\.sbtdb1e0d77\swoval"/><property name="jline.esc.timeout" value="0"/><property name="path.separator" value=";"/><property name="os.version" value="10.0"/><property name="jna.nosys" value="true"/><property name="java.runtime.name" value="OpenJDK Runtime Environment"/><property name="java.vm.name" value="OpenJDK 64-Bit Server VM"/><property name="java.vendor.url.bug" value="https://github.com/adoptium/adoptium-support/issues"/><property name="user.dir" value="C:\Users\wflaf\Desktop\FP\scalashop"/><property name="os.arch" value="amd64"/><property name="java.vm.info" value="mixed mode, sharing"/><property name="java.vm.version" value="16.0.2+7"/><property name="java.class.version" value="60.0"/>
    </properties>
          <testcase classname="scalashop.ConvolutionSuite" name="convolution: simple 3x3 image should blur to a constant value (10 pts)" time="0.028">
                      
                    </testcase><testcase classname="scalashop.ConvolutionSuite" name="convolution: convolution should not flip asymmetric kernel (10 pts)" time="0.088">
                      <failure message="C:\Users\wflaf\Desktop\FP\scalashop\src\test\scala\scalashop\ConvolutionSuite.scala:66
65:
[7m66:    assertEquals(Convolution(source, kernel).toImage, target)[0m
67:  }
values are not the same
[1m=&gt; Obtained[0m
At 0, 0 : 0, 0, 0, 8
At 1, 0 : 0, 0, 0, 7
At 2, 0 : 0, 0, 0, 6
At 0, 1 : 0, 0, 0, 5
At 1, 1 : 0, 0, 0, 4
At 2, 1 : 0, 0, 0, 3
At 0, 2 : 0, 0, 0, 2
At 1, 2 : 0, 0, 0, 1
At 2, 2 : 0, 0, 0, 0
[1m=&gt; Diff[0m ([91m- obtained[0m, [92m+ expected[0m)
[91m-At 0, 0 : 0, 0, 0, 8[0m
[91m-At 1, 0 : 0, 0, 0, 7[0m
[91m-At 2, 0 : 0, 0, 0, 6[0m
[91m-At 0, 1 : 0, 0, 0, 5[0m
[92m+At 0, 0 : 0, 0, 0, 0[0m
[92m+At 1, 0 : 0, 0, 0, 1[0m
[92m+At 2, 0 : 0, 0, 0, 2[0m
[92m+At 0, 1 : 0, 0, 0, 3[0m
 At 1, 1 : 0, 0, 0, 4
[91m-At 2, 1 : 0, 0, 0, 3[0m
[91m-At 0, 2 : 0, 0, 0, 2[0m
[91m-At 1, 2 : 0, 0, 0, 1[0m
[91m-At 2, 2 : 0, 0, 0, 0[0m
[92m+At 2, 1 : 0, 0, 0, 5[0m
[92m+At 0, 2 : 0, 0, 0, 6[0m
[92m+At 1, 2 : 0, 0, 0, 7[0m
[92m+At 2, 2 : 0, 0, 0, 8[0m" type="munit.ComparisonFailException">munit.ComparisonFailException: C:\Users\wflaf\Desktop\FP\scalashop\src\test\scala\scalashop\ConvolutionSuite.scala:66
65:
[7m66:    assertEquals(Convolution(source, kernel).toImage, target)[0m
67:  }
values are not the same
[1m=&gt; Obtained[0m
At 0, 0 : 0, 0, 0, 8
At 1, 0 : 0, 0, 0, 7
At 2, 0 : 0, 0, 0, 6
At 0, 1 : 0, 0, 0, 5
At 1, 1 : 0, 0, 0, 4
At 2, 1 : 0, 0, 0, 3
At 0, 2 : 0, 0, 0, 2
At 1, 2 : 0, 0, 0, 1
At 2, 2 : 0, 0, 0, 0
[1m=&gt; Diff[0m ([91m- obtained[0m, [92m+ expected[0m)
[91m-At 0, 0 : 0, 0, 0, 8[0m
[91m-At 1, 0 : 0, 0, 0, 7[0m
[91m-At 2, 0 : 0, 0, 0, 6[0m
[91m-At 0, 1 : 0, 0, 0, 5[0m
[92m+At 0, 0 : 0, 0, 0, 0[0m
[92m+At 1, 0 : 0, 0, 0, 1[0m
[92m+At 2, 0 : 0, 0, 0, 2[0m
[92m+At 0, 1 : 0, 0, 0, 3[0m
 At 1, 1 : 0, 0, 0, 4
[91m-At 2, 1 : 0, 0, 0, 3[0m
[91m-At 0, 2 : 0, 0, 0, 2[0m
[91m-At 1, 2 : 0, 0, 0, 1[0m
[91m-At 2, 2 : 0, 0, 0, 0[0m
[92m+At 2, 1 : 0, 0, 0, 5[0m
[92m+At 0, 2 : 0, 0, 0, 6[0m
[92m+At 1, 2 : 0, 0, 0, 7[0m
[92m+At 2, 2 : 0, 0, 0, 8[0m
	at munit.Assertions.failComparison(Assertions.scala:278)
</failure>
                    </testcase><testcase classname="scalashop.ConvolutionSuite" name="convolution: random 3x3 image under the identity kernel should be unchanged (5 pts)" time="0.003">
                      
                    </testcase><testcase classname="scalashop.ConvolutionSuite" name="convolution: random 3x3 image under the null kernel should be zeroed (5 pts)" time="0.003">
                      
                    </testcase><testcase classname="scalashop.ConvolutionSuite" name="convolution: random 3x3 image under the identity kernel should be unchanged (5 pts)-1" time="0.001">
                      
                    </testcase><testcase classname="scalashop.ConvolutionSuite" name="convolution: random 3x3 image under the null kernel should be zeroed (5 pts)-1" time="0.0">
                      
                    </testcase><testcase classname="scalashop.ConvolutionSuite" name="convolution: random 3x3 image under the identity kernel should be unchanged (5 pts)-2" time="0.001">
                      
                    </testcase><testcase classname="scalashop.ConvolutionSuite" name="convolution: random 3x3 image under the null kernel should be zeroed (5 pts)-2" time="0.001">
                      
                    </testcase><testcase classname="scalashop.ConvolutionSuite" name="convolution: random 3x3 image under the identity kernel should be unchanged (5 pts)-3" time="0.0">
                      
                    </testcase><testcase classname="scalashop.ConvolutionSuite" name="convolution: random 3x3 image under the null kernel should be zeroed (5 pts)-3" time="0.001">
                      
                    </testcase><testcase classname="scalashop.ConvolutionSuite" name="convolution: random 3x3 image under the identity kernel should be unchanged (5 pts)-4" time="0.0">
                      
                    </testcase><testcase classname="scalashop.ConvolutionSuite" name="convolution: random 3x3 image under the null kernel should be zeroed (5 pts)-4" time="0.001">
                      
                    </testcase><testcase classname="scalashop.ConvolutionSuite" name="convolution: random 3x3 image under the identity kernel should be unchanged (5 pts)-5" time="0.0">
                      
                    </testcase><testcase classname="scalashop.ConvolutionSuite" name="convolution: random 3x3 image under the null kernel should be zeroed (5 pts)-5" time="0.0">
                      
                    </testcase><testcase classname="scalashop.ConvolutionSuite" name="convolution: random 3x3 image under the identity kernel should be unchanged (5 pts)-6" time="0.0">
                      
                    </testcase><testcase classname="scalashop.ConvolutionSuite" name="convolution: random 3x3 image under the null kernel should be zeroed (5 pts)-6" time="0.0">
                      
                    </testcase><testcase classname="scalashop.ConvolutionSuite" name="convolution: random 3x3 image under the identity kernel should be unchanged (5 pts)-7" time="0.001">
                      
                    </testcase><testcase classname="scalashop.ConvolutionSuite" name="convolution: random 3x3 image under the null kernel should be zeroed (5 pts)-7" time="0.002">
                      
                    </testcase><testcase classname="scalashop.ConvolutionSuite" name="convolution: random 3x3 image under the identity kernel should be unchanged (5 pts)-8" time="0.001">
                      
                    </testcase><testcase classname="scalashop.ConvolutionSuite" name="convolution: random 3x3 image under the null kernel should be zeroed (5 pts)-8" time="0.0">
                      
                    </testcase><testcase classname="scalashop.ConvolutionSuite" name="convolution: random 3x3 image under the identity kernel should be unchanged (5 pts)-9" time="0.0">
                      
                    </testcase><testcase classname="scalashop.ConvolutionSuite" name="convolution: random 3x3 image under the null kernel should be zeroed (5 pts)-9" time="0.001">
                      
                    </testcase><testcase classname="scalashop.ConvolutionSuite" name="convolution: simple 5x5 matrix should transform correctly under 3x3 kernel (100 pts)" time="0.001">
                      
                    </testcase>
          <system-out><![CDATA[]]></system-out>
          <system-err><![CDATA[]]></system-err>
        </testsuite>